<?xml version="1.0" encoding="UTF-8"?>
<!-- Generated by org.testng.reporters.JUnitReportReporter -->
<testsuite name="training.TestNGSimpleTest" tests="1" time="0.026" ignored="0" failures="0" timestamp="20 一月 2017 08:30:12 GMT" skipped="0" hostname="yuanridandeMacBook-Pro.local" errors="0">
  <testcase name="testAdd" time="0.026" classname="training.TestNGSimpleTest"/>
</testsuite> <!-- training.TestNGSimpleTest -->
