<?xml version="1.0" encoding="UTF-8"?>
<!-- Generated by org.testng.reporters.JUnitReportReporter -->
<testsuite name="testng.TestEmployeeDetails" tests="1" time="0.022" ignored="0" failures="0" timestamp="02 五月 2017 08:01:26 GMT" skipped="0" hostname="yuanridandeMacBook-Pro.local" errors="0">
  <testcase name="testCalculateAppriasal" time="0.022" classname="testng.TestEmployeeDetails"/>
</testsuite> <!-- testng.TestEmployeeDetails -->
