<?xml version="1.0" encoding="UTF-8"?>
<!-- Generated by org.testng.reporters.JUnitReportReporter -->
<testsuite name="testng.TestNGSimpleTest" tests="1" time="0.019" ignored="0" failures="0" timestamp="02 五月 2017 07:40:41 GMT" skipped="0" hostname="yuanridandeMacBook-Pro.local" errors="0">
  <testcase name="testAdd" time="0.019" classname="testng.TestNGSimpleTest"/>
</testsuite> <!-- testng.TestNGSimpleTest -->
